  bin_add.c
c:\users\liyang\desktop\bishe\trans_qt_encode\trans_qt_encode\encode\bin_add.c(2): fatal error C1083: 无法打开包括文件: “all.h”: No such file or directory
  cr_test.c
c:\users\liyang\desktop\bishe\trans_qt_encode\trans_qt_encode\encode\cr_test.c(2): fatal error C1083: 无法打开包括文件: “all.h”: No such file or directory
  decode_block3.c
c:\users\liyang\desktop\bishe\trans_qt_encode\trans_qt_encode\encode\decode_block3.c(4): fatal error C1083: 无法打开包括文件: “all.h”: No such file or directory
  decode_block3_n0s.c
c:\users\liyang\desktop\bishe\trans_qt_encode\trans_qt_encode\encode\decode_block3_n0s.c(4): fatal error C1083: 无法打开包括文件: “all.h”: No such file or directory
  decode_block3_n1s.c
c:\users\liyang\desktop\bishe\trans_qt_encode\trans_qt_encode\encode\decode_block3_n1s.c(4): fatal error C1083: 无法打开包括文件: “all.h”: No such file or directory
  decode_block5.c
c:\users\liyang\desktop\bishe\trans_qt_encode\trans_qt_encode\encode\decode_block5.c(4): fatal error C1083: 无法打开包括文件: “all.h”: No such file or directory
  decode_block5_n0s.c
c:\users\liyang\desktop\bishe\trans_qt_encode\trans_qt_encode\encode\decode_block5_n0s.c(5): fatal error C1083: 无法打开包括文件: “all.h”: No such file or directory
  decode_block5_n1s.c
c:\users\liyang\desktop\bishe\trans_qt_encode\trans_qt_encode\encode\decode_block5_n1s.c(4): fatal error C1083: 无法打开包括文件: “all.h”: No such file or directory
  decode_stationary_source_leninvr.c
c:\users\liyang\desktop\bishe\trans_qt_encode\trans_qt_encode\encode\decode_stationary_source_leninvr.c(2): fatal error C1083: 无法打开包括文件: “all.h”: No such file or directory
  decode_stationary_source_lenr.c
c:\users\liyang\desktop\bishe\trans_qt_encode\trans_qt_encode\encode\decode_stationary_source_lenr.c(2): fatal error C1083: 无法打开包括文件: “all.h”: No such file or directory
  decode_stationary_source_Nsym_lenr.c
c:\users\liyang\desktop\bishe\trans_qt_encode\trans_qt_encode\encode\decode_stationary_source_nsym_lenr.c(2): fatal error C1083: 无法打开包括文件: “all.h”: No such file or directory
  decode_stationary_source_r_invr.c
c:\users\liyang\desktop\bishe\trans_qt_encode\trans_qt_encode\encode\decode_stationary_source_r_invr.c(2): fatal error C1083: 无法打开包括文件: “all.h”: No such file or directory
  decode_stationary_source_sumr.c
c:\users\liyang\desktop\bishe\trans_qt_encode\trans_qt_encode\encode\decode_stationary_source_sumr.c(2): fatal error C1083: 无法打开包括文件: “all.h”: No such file or directory
  deSFcode.c
c:\users\liyang\desktop\bishe\trans_qt_encode\trans_qt_encode\encode\desfcode.c(1): fatal error C1083: 无法打开包括文件: “all.h”: No such file or directory
  de_2n_code_new.c
c:\users\liyang\desktop\bishe\trans_qt_encode\trans_qt_encode\encode\de_2n_code_new.c(2): fatal error C1083: 无法打开包括文件: “all.h”: No such file or directory
  de_2n_code_sub.c
c:\users\liyang\desktop\bishe\trans_qt_encode\trans_qt_encode\encode\de_2n_code_sub.c(2): fatal error C1083: 无法打开包括文件: “all.h”: No such file or directory
  de_2n_code_sub1.c
c:\users\liyang\desktop\bishe\trans_qt_encode\trans_qt_encode\encode\de_2n_code_sub1.c(2): fatal error C1083: 无法打开包括文件: “all.h”: No such file or directory
  de_Kside.c
c:\users\liyang\desktop\bishe\trans_qt_encode\trans_qt_encode\encode\de_kside.c(2): fatal error C1083: 无法打开包括文件: “all.h”: No such file or directory
  de_KsideSub.c
c:\users\liyang\desktop\bishe\trans_qt_encode\trans_qt_encode\encode\de_ksidesub.c(2): fatal error C1083: 无法打开包括文件: “all.h”: No such file or directory
  de_KsideSub_n1s.c
c:\users\liyang\desktop\bishe\trans_qt_encode\trans_qt_encode\encode\de_ksidesub_n1s.c(2): fatal error C1083: 无法打开包括文件: “all.h”: No such file or directory
  正在编译...
  de_Kside_new.c
c:\users\liyang\desktop\bishe\trans_qt_encode\trans_qt_encode\encode\de_kside_new.c(2): fatal error C1083: 无法打开包括文件: “all.h”: No such file or directory
  de_r0.c
c:\users\liyang\desktop\bishe\trans_qt_encode\trans_qt_encode\encode\de_r0.c(3): fatal error C1083: 无法打开包括文件: “all.h”: No such file or directory
  de_r1.c
c:\users\liyang\desktop\bishe\trans_qt_encode\trans_qt_encode\encode\de_r1.c(2): fatal error C1083: 无法打开包括文件: “all.h”: No such file or directory
  de_runs_0seps.c
c:\users\liyang\desktop\bishe\trans_qt_encode\trans_qt_encode\encode\de_runs_0seps.c(2): fatal error C1083: 无法打开包括文件: “all.h”: No such file or directory
  de_runs_1sep.c
c:\users\liyang\desktop\bishe\trans_qt_encode\trans_qt_encode\encode\de_runs_1sep.c(2): fatal error C1083: 无法打开包括文件: “all.h”: No such file or directory
  de_runs_2seps.c
c:\users\liyang\desktop\bishe\trans_qt_encode\trans_qt_encode\encode\de_runs_2seps.c(2): fatal error C1083: 无法打开包括文件: “all.h”: No such file or directory
  de_runs_2sepsA.c
c:\users\liyang\desktop\bishe\trans_qt_encode\trans_qt_encode\encode\de_runs_2sepsa.c(2): fatal error C1083: 无法打开包括文件: “all.h”: No such file or directory
  de_runs_sep_sub.c
c:\users\liyang\desktop\bishe\trans_qt_encode\trans_qt_encode\encode\de_runs_sep_sub.c(2): fatal error C1083: 无法打开包括文件: “all.h”: No such file or directory
  de_r_cr.c
c:\users\liyang\desktop\bishe\trans_qt_encode\trans_qt_encode\encode\de_r_cr.c(3): fatal error C1083: 无法打开包括文件: “all.h”: No such file or directory
  de_sub3d_sub2.c
c:\users\liyang\desktop\bishe\trans_qt_encode\trans_qt_encode\encode\de_sub3d_sub2.c(4): fatal error C1083: 无法打开包括文件: “all.h”: No such file or directory
  de_sub3d_sub2_sub.c
c:\users\liyang\desktop\bishe\trans_qt_encode\trans_qt_encode\encode\de_sub3d_sub2_sub.c(4): fatal error C1083: 无法打开包括文件: “all.h”: No such file or directory
  de_z0.c
c:\users\liyang\desktop\bishe\trans_qt_encode\trans_qt_encode\encode\de_z0.c(2): fatal error C1083: 无法打开包括文件: “all.h”: No such file or directory
  de_z0_r0.c
c:\users\liyang\desktop\bishe\trans_qt_encode\trans_qt_encode\encode\de_z0_r0.c(3): fatal error C1083: 无法打开包括文件: “all.h”: No such file or directory
  de_zone_new.c
c:\users\liyang\desktop\bishe\trans_qt_encode\trans_qt_encode\encode\de_zone_new.c(4): fatal error C1083: 无法打开包括文件: “all.h”: No such file or directory
  de_zone_sub2.c
c:\users\liyang\desktop\bishe\trans_qt_encode\trans_qt_encode\encode\de_zone_sub2.c(3): fatal error C1083: 无法打开包括文件: “all.h”: No such file or directory
  de_zone_sub_new.c
c:\users\liyang\desktop\bishe\trans_qt_encode\trans_qt_encode\encode\de_zone_sub_new.c(2): fatal error C1083: 无法打开包括文件: “all.h”: No such file or directory
  encode_block3.c
c:\users\liyang\desktop\bishe\trans_qt_encode\trans_qt_encode\encode\encode_block3.c(4): fatal error C1083: 无法打开包括文件: “all.h”: No such file or directory
  encode_block5.c
c:\users\liyang\desktop\bishe\trans_qt_encode\trans_qt_encode\encode\encode_block5.c(4): fatal error C1083: 无法打开包括文件: “all.h”: No such file or directory
  encode_block_nrs.c
c:\users\liyang\desktop\bishe\trans_qt_encode\trans_qt_encode\encode\encode_block_nrs.c(2): fatal error C1083: 无法打开包括文件: “all.h”: No such file or directory
  encode_block_nrs_lenres.c
c:\users\liyang\desktop\bishe\trans_qt_encode\trans_qt_encode\encode\encode_block_nrs_lenres.c(4): fatal error C1083: 无法打开包括文件: “all.h”: No such file or directory
  正在编译...
  encode_stationary_source_bin.c
c:\users\liyang\desktop\bishe\trans_qt_encode\trans_qt_encode\encode\encode_stationary_source_bin.c(2): fatal error C1083: 无法打开包括文件: “all.h”: No such file or directory
  encode_stationary_source_cbook.c
c:\users\liyang\desktop\bishe\trans_qt_encode\trans_qt_encode\encode\encode_stationary_source_cbook.c(2): fatal error C1083: 无法打开包括文件: “all.h”: No such file or directory
  encode_stationary_source_Nsym.c
c:\users\liyang\desktop\bishe\trans_qt_encode\trans_qt_encode\encode\encode_stationary_source_nsym.c(2): fatal error C1083: 无法打开包括文件: “all.h”: No such file or directory
  encode_stationary_source_Nsym_sub.c
c:\users\liyang\desktop\bishe\trans_qt_encode\trans_qt_encode\encode\encode_stationary_source_nsym_sub.c(2): fatal error C1083: 无法打开包括文件: “all.h”: No such file or directory
  encode_stationary_source_r_invr.c
c:\users\liyang\desktop\bishe\trans_qt_encode\trans_qt_encode\encode\encode_stationary_source_r_invr.c(2): fatal error C1083: 无法打开包括文件: “all.h”: No such file or directory
  encoding.c
  en_2n_code_new.c
c:\users\liyang\desktop\bishe\trans_qt_encode\trans_qt_encode\encode\en_2n_code_new.c(3): fatal error C1083: 无法打开包括文件: “all.h”: No such file or directory
  en_2n_code_sub.c
c:\users\liyang\desktop\bishe\trans_qt_encode\trans_qt_encode\encode\en_2n_code_sub.c(1): fatal error C1083: 无法打开包括文件: “all.h”: No such file or directory
  en_Kside.c
c:\users\liyang\desktop\bishe\trans_qt_encode\trans_qt_encode\encode\en_kside.c(2): fatal error C1083: 无法打开包括文件: “all.h”: No such file or directory
  en_KsideSub.c
c:\users\liyang\desktop\bishe\trans_qt_encode\trans_qt_encode\encode\en_ksidesub.c(2): fatal error C1083: 无法打开包括文件: “all.h”: No such file or directory
  en_KsideSub_n1s.c
c:\users\liyang\desktop\bishe\trans_qt_encode\trans_qt_encode\encode\en_ksidesub_n1s.c(2): fatal error C1083: 无法打开包括文件: “all.h”: No such file or directory
  en_Kside_new.c
c:\users\liyang\desktop\bishe\trans_qt_encode\trans_qt_encode\encode\en_kside_new.c(2): fatal error C1083: 无法打开包括文件: “all.h”: No such file or directory
  en_r0.c
c:\users\liyang\desktop\bishe\trans_qt_encode\trans_qt_encode\encode\en_r0.c(2): fatal error C1083: 无法打开包括文件: “all.h”: No such file or directory
  en_r1.c
c:\users\liyang\desktop\bishe\trans_qt_encode\trans_qt_encode\encode\en_r1.c(2): fatal error C1083: 无法打开包括文件: “all.h”: No such file or directory
  en_runs_0seps.c
c:\users\liyang\desktop\bishe\trans_qt_encode\trans_qt_encode\encode\en_runs_0seps.c(2): fatal error C1083: 无法打开包括文件: “all.h”: No such file or directory
  en_runs_1sep.c
c:\users\liyang\desktop\bishe\trans_qt_encode\trans_qt_encode\encode\en_runs_1sep.c(2): fatal error C1083: 无法打开包括文件: “all.h”: No such file or directory
  en_runs_2seps.c
c:\users\liyang\desktop\bishe\trans_qt_encode\trans_qt_encode\encode\en_runs_2seps.c(2): fatal error C1083: 无法打开包括文件: “all.h”: No such file or directory
  en_runs_2sepsA.c
c:\users\liyang\desktop\bishe\trans_qt_encode\trans_qt_encode\encode\en_runs_2sepsa.c(2): fatal error C1083: 无法打开包括文件: “all.h”: No such file or directory
  en_runs_sep_sub.c
c:\users\liyang\desktop\bishe\trans_qt_encode\trans_qt_encode\encode\en_runs_sep_sub.c(2): fatal error C1083: 无法打开包括文件: “all.h”: No such file or directory
  en_r_cr.c
c:\users\liyang\desktop\bishe\trans_qt_encode\trans_qt_encode\encode\en_r_cr.c(3): fatal error C1083: 无法打开包括文件: “all.h”: No such file or directory
  正在编译...
  en_sub3d_sub2.c
c:\users\liyang\desktop\bishe\trans_qt_encode\trans_qt_encode\encode\en_sub3d_sub2.c(3): fatal error C1083: 无法打开包括文件: “all.h”: No such file or directory
  en_sub3d_sub2_sub.c
c:\users\liyang\desktop\bishe\trans_qt_encode\trans_qt_encode\encode\en_sub3d_sub2_sub.c(3): fatal error C1083: 无法打开包括文件: “all.h”: No such file or directory
  en_z0.c
c:\users\liyang\desktop\bishe\trans_qt_encode\trans_qt_encode\encode\en_z0.c(4): fatal error C1083: 无法打开包括文件: “all.h”: No such file or directory
  en_z0_r0.c
c:\users\liyang\desktop\bishe\trans_qt_encode\trans_qt_encode\encode\en_z0_r0.c(3): fatal error C1083: 无法打开包括文件: “all.h”: No such file or directory
  en_zone_new.c
c:\users\liyang\desktop\bishe\trans_qt_encode\trans_qt_encode\encode\en_zone_new.c(4): fatal error C1083: 无法打开包括文件: “all.h”: No such file or directory
  en_zone_sub2.c
c:\users\liyang\desktop\bishe\trans_qt_encode\trans_qt_encode\encode\en_zone_sub2.c(4): fatal error C1083: 无法打开包括文件: “all.h”: No such file or directory
  en_zone_sub_new.c
c:\users\liyang\desktop\bishe\trans_qt_encode\trans_qt_encode\encode\en_zone_sub_new.c(2): fatal error C1083: 无法打开包括文件: “all.h”: No such file or directory
  find_thd.c
c:\users\liyang\desktop\bishe\trans_qt_encode\trans_qt_encode\encode\find_thd.c(1): fatal error C1083: 无法打开包括文件: “all.h”: No such file or directory
  find_thd4subs.c
c:\users\liyang\desktop\bishe\trans_qt_encode\trans_qt_encode\encode\find_thd4subs.c(3): fatal error C1083: 无法打开包括文件: “all.h”: No such file or directory
  find_thd_idx.c
c:\users\liyang\desktop\bishe\trans_qt_encode\trans_qt_encode\encode\find_thd_idx.c(3): fatal error C1083: 无法打开包括文件: “all.h”: No such file or directory
  find_the_idx_round.c
c:\users\liyang\desktop\bishe\trans_qt_encode\trans_qt_encode\encode\find_the_idx_round.c(2): fatal error C1083: 无法打开包括文件: “all.h”: No such file or directory
  Golomb0.c
c:\users\liyang\desktop\bishe\trans_qt_encode\trans_qt_encode\encode\golomb0.c(38): fatal error C1083: 无法打开包括文件: “all.h”: No such file or directory
  GolombInv.c
c:\users\liyang\desktop\bishe\trans_qt_encode\trans_qt_encode\encode\golombinv.c(2): fatal error C1083: 无法打开包括文件: “all.h”: No such file or directory
  hist.c
c:\users\liyang\desktop\bishe\trans_qt_encode\trans_qt_encode\encode\hist.c(1): fatal error C1083: 无法打开包括文件: “all.h”: No such file or directory
  hist_return_len.c
c:\users\liyang\desktop\bishe\trans_qt_encode\trans_qt_encode\encode\hist_return_len.c(1): fatal error C1083: 无法打开包括文件: “all.h”: No such file or directory
  KW_inversion_runs.c
c:\users\liyang\desktop\bishe\trans_qt_encode\trans_qt_encode\encode\kw_inversion_runs.c(2): fatal error C1083: 无法打开包括文件: “all.h”: No such file or directory
  k_criterion.c
c:\users\liyang\desktop\bishe\trans_qt_encode\trans_qt_encode\encode\k_criterion.c(181): fatal error C1083: 无法打开包括文件: “all.h”: No such file or directory
  len_bit_to_byte.c
c:\users\liyang\desktop\bishe\trans_qt_encode\trans_qt_encode\encode\len_bit_to_byte.c(2): fatal error C1083: 无法打开包括文件: “all.h”: No such file or directory
  probility_estimation.c
c:\users\liyang\desktop\bishe\trans_qt_encode\trans_qt_encode\encode\probility_estimation.c(34): fatal error C1083: 无法打开包括文件: “all.h”: No such file or directory
  prob_est.c
c:\users\liyang\desktop\bishe\trans_qt_encode\trans_qt_encode\encode\prob_est.c(49): fatal error C1083: 无法打开包括文件: “all.h”: No such file or directory
  正在编译...
  Separate.c
c:\users\liyang\desktop\bishe\trans_qt_encode\trans_qt_encode\encode\separate.c(2): fatal error C1083: 无法打开包括文件: “all.h”: No such file or directory
  separate0.c
c:\users\liyang\desktop\bishe\trans_qt_encode\trans_qt_encode\encode\separate0.c(2): fatal error C1083: 无法打开包括文件: “all.h”: No such file or directory
  separate_Bversion.c
c:\users\liyang\desktop\bishe\trans_qt_encode\trans_qt_encode\encode\separate_bversion.c(2): fatal error C1083: 无法打开包括文件: “all.h”: No such file or directory
  separate_inv.c
c:\users\liyang\desktop\bishe\trans_qt_encode\trans_qt_encode\encode\separate_inv.c(2): fatal error C1083: 无法打开包括文件: “all.h”: No such file or directory
  SFcode.c
c:\users\liyang\desktop\bishe\trans_qt_encode\trans_qt_encode\encode\sfcode.c(45): fatal error C1083: 无法打开包括文件: “all.h”: No such file or directory
  sum.c
c:\users\liyang\desktop\bishe\trans_qt_encode\trans_qt_encode\encode\sum.c(2): fatal error C1083: 无法打开包括文件: “all.h”: No such file or directory
  sumBin.c
c:\users\liyang\desktop\bishe\trans_qt_encode\trans_qt_encode\encode\sumbin.c(2): fatal error C1083: 无法打开包括文件: “all.h”: No such file or directory
  thd_index_inv.c
c:\users\liyang\desktop\bishe\trans_qt_encode\trans_qt_encode\encode\thd_index_inv.c(2): fatal error C1083: 无法打开包括文件: “all.h”: No such file or directory
  the_index.c
c:\users\liyang\desktop\bishe\trans_qt_encode\trans_qt_encode\encode\the_index.c(1): fatal error C1083: 无法打开包括文件: “all.h”: No such file or directory
  main.c
c:\users\liyang\desktop\bishe\trans_qt_encode\trans_qt_encode\main.c(170): warning C4474: scanf_s: 格式字符串中传递的参数太多
  c:\users\liyang\desktop\bishe\trans_qt_encode\trans_qt_encode\main.c(170): note: 占位符和其参数预计 1 可变参数，但提供的却是 2 参数
c:\users\liyang\desktop\bishe\trans_qt_encode\trans_qt_encode\main.c(189): warning C4244: “=”: 从“double”转换到“float”，可能丢失数据
c:\users\liyang\desktop\bishe\trans_qt_encode\trans_qt_encode\main.c(308): warning C4244: “=”: 从“double”转换到“float”，可能丢失数据
c:\users\liyang\desktop\bishe\trans_qt_encode\trans_qt_encode\main.c(307): warning C4244: “初始化”: 从“double”转换到“float”，可能丢失数据
c:\users\liyang\desktop\bishe\trans_qt_encode\trans_qt_encode\main.c(314): warning C4244: “初始化”: 从“double”转换到“float”，可能丢失数据
  quant_inv.c
c:\users\liyang\desktop\bishe\trans_qt_encode\trans_qt_encode\quant\quant_inv.c(1): fatal error C1083: 无法打开包括文件: “quant_inv.h”: No such file or directory
  quant_rest.c
c:\users\liyang\desktop\bishe\trans_qt_encode\trans_qt_encode\quant\quant_rest.c(1): fatal error C1083: 无法打开包括文件: “quant_rest.h”: No such file or directory
  quant_sub.c
c:\users\liyang\desktop\bishe\trans_qt_encode\trans_qt_encode\quant\quant_sub.c(2): fatal error C1083: 无法打开包括文件: “quant_sub.h”: No such file or directory
  trim.c
c:\users\liyang\desktop\bishe\trans_qt_encode\trans_qt_encode\quant\trim.c(1): fatal error C1083: 无法打开包括文件: “trim.h”: No such file or directory
  add.c
c:\users\liyang\desktop\bishe\trans_qt_encode\trans_qt_encode\scan\add.c(1): fatal error C1083: 无法打开包括文件: “modify_Hilbert2D.h”: No such file or directory
  find_block.c
c:\users\liyang\desktop\bishe\trans_qt_encode\trans_qt_encode\scan\find_block.c(1): fatal error C1083: 无法打开包括文件: “modify_Hilbert2D.h”: No such file or directory
  Hilbert_other.c
c:\users\liyang\desktop\bishe\trans_qt_encode\trans_qt_encode\scan\hilbert_other.c(1): fatal error C1083: 无法打开包括文件: “modify_Hilbert3D.h”: No such file or directory
  modify_Hilbert2D.c
c:\users\liyang\desktop\bishe\trans_qt_encode\trans_qt_encode\scan\modify_hilbert2d.c(18): fatal error C1083: 无法打开包括文件: “modify_Hilbert2D.h”: No such file or directory
  modify_Hilbert3D.c
c:\users\liyang\desktop\bishe\trans_qt_encode\trans_qt_encode\scan\modify_hilbert3d.c(1): fatal error C1083: 无法打开包括文件: “modify_Hilbert3D.h”: No such file or directory
  modify_Hilbert3D_BlockDeformation0.c
c:\users\liyang\desktop\bishe\trans_qt_encode\trans_qt_encode\scan\modify_hilbert3d_blockdeformation0.c(1): fatal error C1083: 无法打开包括文件: “modify_Hilbert3D.h”: No such file or directory
  正在编译...
  modify_Hilbert_sub.c
c:\users\liyang\desktop\bishe\trans_qt_encode\trans_qt_encode\scan\modify_hilbert_sub.c(1): fatal error C1083: 无法打开包括文件: “modify_Hilbert3D.h”: No such file or directory
  modify_Hilbert_sub3D.c
c:\users\liyang\desktop\bishe\trans_qt_encode\trans_qt_encode\scan\modify_hilbert_sub3d.c(1): fatal error C1083: 无法打开包括文件: “modify_Hilbert3D.h”: No such file or directory
  readYUV.c
c:\users\liyang\desktop\bishe\trans_qt_encode\trans_qt_encode\trans\readyuv.c(2): fatal error C1083: 无法打开包括文件: “readYUV.h”: No such file or directory
  SCWP8-method2_all_3.c
c:\users\liyang\desktop\bishe\trans_qt_encode\trans_qt_encode\trans\scwp8-method2_all_3.c(2): fatal error C1083: 无法打开包括文件: “transform.h”: No such file or directory
