e:\程序代码\量化\2021-01-15\trans_qt_encode\trans_qt_encode\x64\release\vc120.pdb
e:\程序代码\量化\2021-01-15\trans_qt_encode\trans_qt_encode\x64\release\de_ksidesub_n1s.obj
e:\程序代码\量化\2021-01-15\trans_qt_encode\trans_qt_encode\x64\release\de_ksidesub.obj
e:\程序代码\量化\2021-01-15\trans_qt_encode\trans_qt_encode\x64\release\de_kside.obj
e:\程序代码\量化\2021-01-15\trans_qt_encode\trans_qt_encode\x64\release\de_2n_code_sub1.obj
e:\程序代码\量化\2021-01-15\trans_qt_encode\trans_qt_encode\x64\release\de_2n_code_sub.obj
e:\程序代码\量化\2021-01-15\trans_qt_encode\trans_qt_encode\x64\release\de_2n_code_new.obj
e:\程序代码\量化\2021-01-15\trans_qt_encode\trans_qt_encode\x64\release\desfcode.obj
e:\程序代码\量化\2021-01-15\trans_qt_encode\trans_qt_encode\x64\release\decode_stationary_source_sumr.obj
e:\程序代码\量化\2021-01-15\trans_qt_encode\trans_qt_encode\x64\release\decode_stationary_source_r_invr.obj
e:\程序代码\量化\2021-01-15\trans_qt_encode\trans_qt_encode\x64\release\decode_stationary_source_nsym_lenr.obj
e:\程序代码\量化\2021-01-15\trans_qt_encode\trans_qt_encode\x64\release\decode_stationary_source_lenr.obj
e:\程序代码\量化\2021-01-15\trans_qt_encode\trans_qt_encode\x64\release\decode_stationary_source_leninvr.obj
e:\程序代码\量化\2021-01-15\trans_qt_encode\trans_qt_encode\x64\release\decode_block5_n1s.obj
e:\程序代码\量化\2021-01-15\trans_qt_encode\trans_qt_encode\x64\release\decode_block5_n0s.obj
e:\程序代码\量化\2021-01-15\trans_qt_encode\trans_qt_encode\x64\release\decode_block5.obj
e:\程序代码\量化\2021-01-15\trans_qt_encode\trans_qt_encode\x64\release\decode_block3_n1s.obj
e:\程序代码\量化\2021-01-15\trans_qt_encode\trans_qt_encode\x64\release\decode_block3_n0s.obj
e:\程序代码\量化\2021-01-15\trans_qt_encode\trans_qt_encode\x64\release\decode_block3.obj
e:\程序代码\量化\2021-01-15\trans_qt_encode\trans_qt_encode\x64\release\cr_test.obj
e:\程序代码\量化\2021-01-15\trans_qt_encode\trans_qt_encode\x64\release\bin_add.obj
e:\程序代码\量化\2021-01-15\trans_qt_encode\trans_qt_encode\x64\release\encode_block_nrs_lenres.obj
e:\程序代码\量化\2021-01-15\trans_qt_encode\trans_qt_encode\x64\release\encode_block_nrs.obj
e:\程序代码\量化\2021-01-15\trans_qt_encode\trans_qt_encode\x64\release\encode_block5.obj
e:\程序代码\量化\2021-01-15\trans_qt_encode\trans_qt_encode\x64\release\encode_block3.obj
e:\程序代码\量化\2021-01-15\trans_qt_encode\trans_qt_encode\x64\release\de_zone_sub_new.obj
e:\程序代码\量化\2021-01-15\trans_qt_encode\trans_qt_encode\x64\release\de_zone_sub2.obj
e:\程序代码\量化\2021-01-15\trans_qt_encode\trans_qt_encode\x64\release\de_zone_new.obj
e:\程序代码\量化\2021-01-15\trans_qt_encode\trans_qt_encode\x64\release\de_z0_r0.obj
e:\程序代码\量化\2021-01-15\trans_qt_encode\trans_qt_encode\x64\release\de_z0.obj
e:\程序代码\量化\2021-01-15\trans_qt_encode\trans_qt_encode\x64\release\de_sub3d_sub2_sub.obj
e:\程序代码\量化\2021-01-15\trans_qt_encode\trans_qt_encode\x64\release\de_sub3d_sub2.obj
e:\程序代码\量化\2021-01-15\trans_qt_encode\trans_qt_encode\x64\release\de_r_cr.obj
e:\程序代码\量化\2021-01-15\trans_qt_encode\trans_qt_encode\x64\release\de_runs_sep_sub.obj
e:\程序代码\量化\2021-01-15\trans_qt_encode\trans_qt_encode\x64\release\de_runs_2sepsa.obj
e:\程序代码\量化\2021-01-15\trans_qt_encode\trans_qt_encode\x64\release\de_runs_2seps.obj
e:\程序代码\量化\2021-01-15\trans_qt_encode\trans_qt_encode\x64\release\de_runs_1sep.obj
e:\程序代码\量化\2021-01-15\trans_qt_encode\trans_qt_encode\x64\release\de_runs_0seps.obj
e:\程序代码\量化\2021-01-15\trans_qt_encode\trans_qt_encode\x64\release\de_r1.obj
e:\程序代码\量化\2021-01-15\trans_qt_encode\trans_qt_encode\x64\release\de_r0.obj
e:\程序代码\量化\2021-01-15\trans_qt_encode\trans_qt_encode\x64\release\de_kside_new.obj
e:\程序代码\量化\2021-01-15\trans_qt_encode\trans_qt_encode\x64\release\en_r_cr.obj
e:\程序代码\量化\2021-01-15\trans_qt_encode\trans_qt_encode\x64\release\en_runs_sep_sub.obj
e:\程序代码\量化\2021-01-15\trans_qt_encode\trans_qt_encode\x64\release\en_runs_2sepsa.obj
e:\程序代码\量化\2021-01-15\trans_qt_encode\trans_qt_encode\x64\release\en_runs_2seps.obj
e:\程序代码\量化\2021-01-15\trans_qt_encode\trans_qt_encode\x64\release\en_runs_1sep.obj
e:\程序代码\量化\2021-01-15\trans_qt_encode\trans_qt_encode\x64\release\en_runs_0seps.obj
e:\程序代码\量化\2021-01-15\trans_qt_encode\trans_qt_encode\x64\release\en_r1.obj
e:\程序代码\量化\2021-01-15\trans_qt_encode\trans_qt_encode\x64\release\en_r0.obj
e:\程序代码\量化\2021-01-15\trans_qt_encode\trans_qt_encode\x64\release\en_kside_new.obj
e:\程序代码\量化\2021-01-15\trans_qt_encode\trans_qt_encode\x64\release\en_ksidesub_n1s.obj
e:\程序代码\量化\2021-01-15\trans_qt_encode\trans_qt_encode\x64\release\en_ksidesub.obj
e:\程序代码\量化\2021-01-15\trans_qt_encode\trans_qt_encode\x64\release\en_kside.obj
e:\程序代码\量化\2021-01-15\trans_qt_encode\trans_qt_encode\x64\release\en_2n_code_sub.obj
e:\程序代码\量化\2021-01-15\trans_qt_encode\trans_qt_encode\x64\release\en_2n_code_new.obj
e:\程序代码\量化\2021-01-15\trans_qt_encode\trans_qt_encode\x64\release\encoding.obj
e:\程序代码\量化\2021-01-15\trans_qt_encode\trans_qt_encode\x64\release\encode_stationary_source_r_invr.obj
e:\程序代码\量化\2021-01-15\trans_qt_encode\trans_qt_encode\x64\release\encode_stationary_source_nsym_sub.obj
e:\程序代码\量化\2021-01-15\trans_qt_encode\trans_qt_encode\x64\release\encode_stationary_source_nsym.obj
e:\程序代码\量化\2021-01-15\trans_qt_encode\trans_qt_encode\x64\release\encode_stationary_source_cbook.obj
e:\程序代码\量化\2021-01-15\trans_qt_encode\trans_qt_encode\x64\release\encode_stationary_source_bin.obj
e:\程序代码\量化\2021-01-15\trans_qt_encode\trans_qt_encode\x64\release\prob_est.obj
e:\程序代码\量化\2021-01-15\trans_qt_encode\trans_qt_encode\x64\release\probility_estimation.obj
e:\程序代码\量化\2021-01-15\trans_qt_encode\trans_qt_encode\x64\release\len_bit_to_byte.obj
e:\程序代码\量化\2021-01-15\trans_qt_encode\trans_qt_encode\x64\release\k_criterion.obj
e:\程序代码\量化\2021-01-15\trans_qt_encode\trans_qt_encode\x64\release\kw_inversion_runs.obj
e:\程序代码\量化\2021-01-15\trans_qt_encode\trans_qt_encode\x64\release\hist_return_len.obj
e:\程序代码\量化\2021-01-15\trans_qt_encode\trans_qt_encode\x64\release\hist.obj
e:\程序代码\量化\2021-01-15\trans_qt_encode\trans_qt_encode\x64\release\golombinv.obj
e:\程序代码\量化\2021-01-15\trans_qt_encode\trans_qt_encode\x64\release\golomb0.obj
e:\程序代码\量化\2021-01-15\trans_qt_encode\trans_qt_encode\x64\release\find_the_idx_round.obj
e:\程序代码\量化\2021-01-15\trans_qt_encode\trans_qt_encode\x64\release\find_thd_idx.obj
e:\程序代码\量化\2021-01-15\trans_qt_encode\trans_qt_encode\x64\release\find_thd4subs.obj
e:\程序代码\量化\2021-01-15\trans_qt_encode\trans_qt_encode\x64\release\find_thd.obj
e:\程序代码\量化\2021-01-15\trans_qt_encode\trans_qt_encode\x64\release\en_zone_sub_new.obj
e:\程序代码\量化\2021-01-15\trans_qt_encode\trans_qt_encode\x64\release\en_zone_sub2.obj
e:\程序代码\量化\2021-01-15\trans_qt_encode\trans_qt_encode\x64\release\en_zone_new.obj
e:\程序代码\量化\2021-01-15\trans_qt_encode\trans_qt_encode\x64\release\en_z0_r0.obj
e:\程序代码\量化\2021-01-15\trans_qt_encode\trans_qt_encode\x64\release\en_z0.obj
e:\程序代码\量化\2021-01-15\trans_qt_encode\trans_qt_encode\x64\release\en_sub3d_sub2_sub.obj
e:\程序代码\量化\2021-01-15\trans_qt_encode\trans_qt_encode\x64\release\en_sub3d_sub2.obj
e:\程序代码\量化\2021-01-15\trans_qt_encode\trans_qt_encode\x64\release\modify_hilbert3d_blockdeformation0.obj
e:\程序代码\量化\2021-01-15\trans_qt_encode\trans_qt_encode\x64\release\modify_hilbert3d.obj
e:\程序代码\量化\2021-01-15\trans_qt_encode\trans_qt_encode\x64\release\modify_hilbert2d.obj
e:\程序代码\量化\2021-01-15\trans_qt_encode\trans_qt_encode\x64\release\hilbert_other.obj
e:\程序代码\量化\2021-01-15\trans_qt_encode\trans_qt_encode\x64\release\find_block.obj
e:\程序代码\量化\2021-01-15\trans_qt_encode\trans_qt_encode\x64\release\add.obj
e:\程序代码\量化\2021-01-15\trans_qt_encode\trans_qt_encode\x64\release\trim.obj
e:\程序代码\量化\2021-01-15\trans_qt_encode\trans_qt_encode\x64\release\quant_sub.obj
e:\程序代码\量化\2021-01-15\trans_qt_encode\trans_qt_encode\x64\release\quant_rest.obj
e:\程序代码\量化\2021-01-15\trans_qt_encode\trans_qt_encode\x64\release\quant_inv.obj
e:\程序代码\量化\2021-01-15\trans_qt_encode\trans_qt_encode\x64\release\main.obj
e:\程序代码\量化\2021-01-15\trans_qt_encode\trans_qt_encode\x64\release\the_index.obj
e:\程序代码\量化\2021-01-15\trans_qt_encode\trans_qt_encode\x64\release\thd_index_inv.obj
e:\程序代码\量化\2021-01-15\trans_qt_encode\trans_qt_encode\x64\release\sumbin.obj
e:\程序代码\量化\2021-01-15\trans_qt_encode\trans_qt_encode\x64\release\sum.obj
e:\程序代码\量化\2021-01-15\trans_qt_encode\trans_qt_encode\x64\release\sfcode.obj
e:\程序代码\量化\2021-01-15\trans_qt_encode\trans_qt_encode\x64\release\separate_inv.obj
e:\程序代码\量化\2021-01-15\trans_qt_encode\trans_qt_encode\x64\release\separate_bversion.obj
e:\程序代码\量化\2021-01-15\trans_qt_encode\trans_qt_encode\x64\release\separate0.obj
e:\程序代码\量化\2021-01-15\trans_qt_encode\trans_qt_encode\x64\release\separate.obj
e:\程序代码\量化\2021-01-15\trans_qt_encode\trans_qt_encode\x64\release\scwp8-method2_all_3.obj
e:\程序代码\量化\2021-01-15\trans_qt_encode\trans_qt_encode\x64\release\readyuv.obj
e:\程序代码\量化\2021-01-15\trans_qt_encode\trans_qt_encode\x64\release\modify_hilbert_sub3d.obj
e:\程序代码\量化\2021-01-15\trans_qt_encode\trans_qt_encode\x64\release\modify_hilbert_sub.obj
e:\程序代码\量化\2021-01-15\trans_qt_encode\x64\release\trans_qt_encode.exe
e:\程序代码\量化\2021-01-15\trans_qt_encode\x64\release\trans_qt_encode.pdb
e:\程序代码\量化\2021-01-15\trans_qt_encode\trans_qt_encode\x64\release\trans_qt_encode.tlog\cl.command.1.tlog
e:\程序代码\量化\2021-01-15\trans_qt_encode\trans_qt_encode\x64\release\trans_qt_encode.tlog\cl.read.1.tlog
e:\程序代码\量化\2021-01-15\trans_qt_encode\trans_qt_encode\x64\release\trans_qt_encode.tlog\cl.write.1.tlog
e:\程序代码\量化\2021-01-15\trans_qt_encode\trans_qt_encode\x64\release\trans_qt_encode.tlog\link.command.1.tlog
e:\程序代码\量化\2021-01-15\trans_qt_encode\trans_qt_encode\x64\release\trans_qt_encode.tlog\link.read.1.tlog
e:\程序代码\量化\2021-01-15\trans_qt_encode\trans_qt_encode\x64\release\trans_qt_encode.tlog\link.write.1.tlog
